# JRE version: OpenJDK Runtime Environment Temurin-17.0.12+7 (17.0.12+7) (build 17.0.12+7)
# Java VM: OpenJDK 64-Bit Server VM Temurin-17.0.12+7 (17.0.12+7, mixed mode, emulated-client, tiered, compressed oops, compressed class ptrs, g1 gc, windows-amd64)
GC Precious Log:
 CPUs: 24 total, 24 available
 Memory: 16068M
 Large Page Support: Disabled
 NUMA Support: Disabled
 Compressed Oops: Enabled (32-bit)
 Heap Region Size: 1M
 Heap Min Capacity: 8M
 Heap Initial Capacity: 252M
 Heap Max Capacity: 1G
 Pre-touch: Disabled
 Parallel Workers: 18
 Concurrent Workers: 5
 Concurrent Refinement Workers: 18
 Periodic GC: Disabled
Heap:
 garbage-first heap   total 102400K, used 29837K [0x00000000c0000000, 0x0000000100000000)
  region size 1024K, 1 young (1024K), 0 survivors (0K)
 Metaspace       used 50130K, committed 50496K, reserved 1114112K
  class space    used 6586K, committed 6784K, reserved 1048576K
GC Heap History (20 events):
Event: 262918.809 GC heap after
{Heap after GC invocations=25906 (full 25897):
 garbage-first heap   total 102400K, used 29837K [0x00000000c0000000, 0x0000000100000000)
  region size 1024K, 0 young (0K), 0 survivors (0K)
 Metaspace       used 50130K, committed 50496K, reserved 1114112K
  class space    used 6586K, committed 6784K, reserved 1048576K
}
Event: 262928.936 GC heap before
{Heap before GC invocations=25906 (full 25897):
 garbage-first heap   total 102400K, used 29837K [0x00000000c0000000, 0x0000000100000000)
  region size 1024K, 1 young (1024K), 0 survivors (0K)
 Metaspace       used 50130K, committed 50496K, reserved 1114112K
  class space    used 6586K, committed 6784K, reserved 1048576K
}
Event: 262928.949 GC heap after
{Heap after GC invocations=25907 (full 25898):
 garbage-first heap   total 102400K, used 29837K [0x00000000c0000000, 0x0000000100000000)
  region size 1024K, 0 young (0K), 0 survivors (0K)
 Metaspace       used 50130K, committed 50496K, reserved 1114112K
  class space    used 6586K, committed 6784K, reserved 1048576K
}
Event: 262939.042 GC heap before
{Heap before GC invocations=25907 (full 25898):
 garbage-first heap   total 102400K, used 29837K [0x00000000c0000000, 0x0000000100000000)
  region size 1024K, 1 young (1024K), 0 survivors (0K)
 Metaspace       used 50130K, committed 50496K, reserved 1114112K
  class space    used 6586K, committed 6784K, reserved 1048576K
}
Event: 262939.055 GC heap after
{Heap after GC invocations=25908 (full 25899):
 garbage-first heap   total 102400K, used 29837K [0x00000000c0000000, 0x0000000100000000)
  region size 1024K, 0 young (0K), 0 survivors (0K)
 Metaspace       used 50130K, committed 50496K, reserved 1114112K
  class space    used 6586K, committed 6784K, reserved 1048576K
}
Event: 262949.155 GC heap before
{Heap before GC invocations=25908 (full 25899):
 garbage-first heap   total 102400K, used 29837K [0x00000000c0000000, 0x0000000100000000)
  region size 1024K, 1 young (1024K), 0 survivors (0K)
 Metaspace       used 50130K, committed 50496K, reserved 1114112K
  class space    used 6586K, committed 6784K, reserved 1048576K
}
Event: 262949.167 GC heap after
{Heap after GC invocations=25909 (full 25900):
 garbage-first heap   total 102400K, used 29837K [0x00000000c0000000, 0x0000000100000000)
  region size 1024K, 0 young (0K), 0 survivors (0K)
 Metaspace       used 50130K, committed 50496K, reserved 1114112K
  class space    used 6586K, committed 6784K, reserved 1048576K
}
Event: 262959.265 GC heap before
{Heap before GC invocations=25909 (full 25900):
 garbage-first heap   total 102400K, used 29837K [0x00000000c0000000, 0x0000000100000000)
  region size 1024K, 1 young (1024K), 0 survivors (0K)
 Metaspace       used 50130K, committed 50496K, reserved 1114112K
  class space    used 6586K, committed 6784K, reserved 1048576K
}
Event: 262959.277 GC heap after
{Heap after GC invocations=25910 (full 25901):
 garbage-first heap   total 102400K, used 29837K [0x00000000c0000000, 0x0000000100000000)
  region size 1024K, 0 young (0K), 0 survivors (0K)
 Metaspace       used 50130K, committed 50496K, reserved 1114112K
  class space    used 6586K, committed 6784K, reserved 1048576K
}
Event: 262969.396 GC heap before
{Heap before GC invocations=25910 (full 25901):
 garbage-first heap   total 102400K, used 29837K [0x00000000c0000000, 0x0000000100000000)
  region size 1024K, 1 young (1024K), 0 survivors (0K)
 Metaspace       used 50130K, committed 50496K, reserved 1114112K
  class space    used 6586K, committed 6784K, reserved 1048576K
}
Event: 262969.410 GC heap after
{Heap after GC invocations=25911 (full 25902):
 garbage-first heap   total 102400K, used 29837K [0x00000000c0000000, 0x0000000100000000)
  region size 1024K, 0 young (0K), 0 survivors (0K)
 Metaspace       used 50130K, committed 50496K, reserved 1114112K
  class space    used 6586K, committed 6784K, reserved 1048576K
}
Event: 262979.501 GC heap before
{Heap before GC invocations=25911 (full 25902):
 garbage-first heap   total 102400K, used 29837K [0x00000000c0000000, 0x0000000100000000)
  region size 1024K, 1 young (1024K), 0 survivors (0K)
 Metaspace       used 50130K, committed 50496K, reserved 1114112K
  class space    used 6586K, committed 6784K, reserved 1048576K
}
Event: 262979.513 GC heap after
{Heap after GC invocations=25912 (full 25903):
 garbage-first heap   total 102400K, used 29837K [0x00000000c0000000, 0x0000000100000000)
  region size 1024K, 0 young (0K), 0 survivors (0K)
 Metaspace       used 50130K, committed 50496K, reserved 1114112K
  class space    used 6586K, committed 6784K, reserved 1048576K
}
Event: 262989.647 GC heap before
{Heap before GC invocations=25912 (full 25903):
 garbage-first heap   total 102400K, used 29837K [0x00000000c0000000, 0x0000000100000000)
  region size 1024K, 1 young (1024K), 0 survivors (0K)
 Metaspace       used 50130K, committed 50496K, reserved 1114112K
  class space    used 6586K, committed 6784K, reserved 1048576K
}
Event: 262989.659 GC heap after
{Heap after GC invocations=25913 (full 25904):
 garbage-first heap   total 102400K, used 29837K [0x00000000c0000000, 0x0000000100000000)
  region size 1024K, 0 young (0K), 0 survivors (0K)
 Metaspace       used 50130K, committed 50496K, reserved 1114112K
  class space    used 6586K, committed 6784K, reserved 1048576K
}
Event: 262999.774 GC heap before
{Heap before GC invocations=25913 (full 25904):
 garbage-first heap   total 102400K, used 29837K [0x00000000c0000000, 0x0000000100000000)
  region size 1024K, 1 young (1024K), 0 survivors (0K)
 Metaspace       used 50130K, committed 50496K, reserved 1114112K
  class space    used 6586K, committed 6784K, reserved 1048576K
}
Event: 262999.789 GC heap after
{Heap after GC invocations=25914 (full 25905):
 garbage-first heap   total 102400K, used 29837K [0x00000000c0000000, 0x0000000100000000)
  region size 1024K, 0 young (0K), 0 survivors (0K)
 Metaspace       used 50130K, committed 50496K, reserved 1114112K
  class space    used 6586K, committed 6784K, reserved 1048576K
}
Event: 263009.905 GC heap before
{Heap before GC invocations=25914 (full 25905):
 garbage-first heap   total 102400K, used 29837K [0x00000000c0000000, 0x0000000100000000)
  region size 1024K, 1 young (1024K), 0 survivors (0K)
 Metaspace       used 50130K, committed 50496K, reserved 1114112K
  class space    used 6586K, committed 6784K, reserved 1048576K
}
Event: 263009.917 GC heap after
{Heap after GC invocations=25915 (full 25906):
 garbage-first heap   total 102400K, used 29837K [0x00000000c0000000, 0x0000000100000000)
  region size 1024K, 0 young (0K), 0 survivors (0K)
 Metaspace       used 50130K, committed 50496K, reserved 1114112K
  class space    used 6586K, committed 6784K, reserved 1048576K
}
Event: 263020.017 GC heap before
{Heap before GC invocations=25915 (full 25906):
 garbage-first heap   total 102400K, used 29837K [0x00000000c0000000, 0x0000000100000000)
  region size 1024K, 1 young (1024K), 0 survivors (0K)
 Metaspace       used 50130K, committed 50496K, reserved 1114112K
  class space    used 6586K, committed 6784K, reserved 1048576K
}

