# JRE version: OpenJDK Runtime Environment Temurin-17.0.12+7 (17.0.12+7) (build 17.0.12+7)
# Java VM: OpenJDK 64-Bit Server VM Temurin-17.0.12+7 (17.0.12+7, mixed mode, emulated-client, tiered, compressed oops, compressed class ptrs, g1 gc, windows-amd64)
GC Precious Log:
 CPUs: 24 total, 24 available
 Memory: 16068M
 Large Page Support: Disabled
 NUMA Support: Disabled
 Compressed Oops: Enabled (32-bit)
 Heap Region Size: 1M
 Heap Min Capacity: 8M
 Heap Initial Capacity: 252M
 Heap Max Capacity: 1G
 Pre-touch: Disabled
 Parallel Workers: 18
 Concurrent Workers: 5
 Concurrent Refinement Workers: 18
 Periodic GC: Disabled
Heap:
 garbage-first heap   total 112640K, used 32809K [0x00000000c0000000, 0x0000000100000000)
  region size 1024K, 1 young (1024K), 0 survivors (0K)
 Metaspace       used 61694K, committed 62208K, reserved 1114112K
  class space    used 7716K, committed 7936K, reserved 1048576K
GC Heap History (20 events):
Event: 113856.063 GC heap after
{Heap after GC invocations=11249 (full 11226):
 garbage-first heap   total 112640K, used 32809K [0x00000000c0000000, 0x0000000100000000)
  region size 1024K, 0 young (0K), 0 survivors (0K)
 Metaspace       used 61694K, committed 62208K, reserved 1114112K
  class space    used 7716K, committed 7936K, reserved 1048576K
}
Event: 113866.189 GC heap before
{Heap before GC invocations=11249 (full 11226):
 garbage-first heap   total 112640K, used 32809K [0x00000000c0000000, 0x0000000100000000)
  region size 1024K, 1 young (1024K), 0 survivors (0K)
 Metaspace       used 61694K, committed 62208K, reserved 1114112K
  class space    used 7716K, committed 7936K, reserved 1048576K
}
Event: 113866.204 GC heap after
{Heap after GC invocations=11250 (full 11227):
 garbage-first heap   total 112640K, used 32809K [0x00000000c0000000, 0x0000000100000000)
  region size 1024K, 0 young (0K), 0 survivors (0K)
 Metaspace       used 61694K, committed 62208K, reserved 1114112K
  class space    used 7716K, committed 7936K, reserved 1048576K
}
Event: 113876.330 GC heap before
{Heap before GC invocations=11250 (full 11227):
 garbage-first heap   total 112640K, used 32809K [0x00000000c0000000, 0x0000000100000000)
  region size 1024K, 1 young (1024K), 0 survivors (0K)
 Metaspace       used 61694K, committed 62208K, reserved 1114112K
  class space    used 7716K, committed 7936K, reserved 1048576K
}
Event: 113876.345 GC heap after
{Heap after GC invocations=11251 (full 11228):
 garbage-first heap   total 112640K, used 32809K [0x00000000c0000000, 0x0000000100000000)
  region size 1024K, 0 young (0K), 0 survivors (0K)
 Metaspace       used 61694K, committed 62208K, reserved 1114112K
  class space    used 7716K, committed 7936K, reserved 1048576K
}
Event: 113886.463 GC heap before
{Heap before GC invocations=11251 (full 11228):
 garbage-first heap   total 112640K, used 32809K [0x00000000c0000000, 0x0000000100000000)
  region size 1024K, 1 young (1024K), 0 survivors (0K)
 Metaspace       used 61694K, committed 62208K, reserved 1114112K
  class space    used 7716K, committed 7936K, reserved 1048576K
}
Event: 113886.479 GC heap after
{Heap after GC invocations=11252 (full 11229):
 garbage-first heap   total 112640K, used 32809K [0x00000000c0000000, 0x0000000100000000)
  region size 1024K, 0 young (0K), 0 survivors (0K)
 Metaspace       used 61694K, committed 62208K, reserved 1114112K
  class space    used 7716K, committed 7936K, reserved 1048576K
}
Event: 113896.630 GC heap before
{Heap before GC invocations=11252 (full 11229):
 garbage-first heap   total 112640K, used 32809K [0x00000000c0000000, 0x0000000100000000)
  region size 1024K, 1 young (1024K), 0 survivors (0K)
 Metaspace       used 61694K, committed 62208K, reserved 1114112K
  class space    used 7716K, committed 7936K, reserved 1048576K
}
Event: 113896.645 GC heap after
{Heap after GC invocations=11253 (full 11230):
 garbage-first heap   total 112640K, used 32809K [0x00000000c0000000, 0x0000000100000000)
  region size 1024K, 0 young (0K), 0 survivors (0K)
 Metaspace       used 61694K, committed 62208K, reserved 1114112K
  class space    used 7716K, committed 7936K, reserved 1048576K
}
Event: 113906.772 GC heap before
{Heap before GC invocations=11253 (full 11230):
 garbage-first heap   total 112640K, used 32809K [0x00000000c0000000, 0x0000000100000000)
  region size 1024K, 1 young (1024K), 0 survivors (0K)
 Metaspace       used 61694K, committed 62208K, reserved 1114112K
  class space    used 7716K, committed 7936K, reserved 1048576K
}
Event: 113906.787 GC heap after
{Heap after GC invocations=11254 (full 11231):
 garbage-first heap   total 112640K, used 32809K [0x00000000c0000000, 0x0000000100000000)
  region size 1024K, 0 young (0K), 0 survivors (0K)
 Metaspace       used 61694K, committed 62208K, reserved 1114112K
  class space    used 7716K, committed 7936K, reserved 1048576K
}
Event: 113916.920 GC heap before
{Heap before GC invocations=11254 (full 11231):
 garbage-first heap   total 112640K, used 32809K [0x00000000c0000000, 0x0000000100000000)
  region size 1024K, 1 young (1024K), 0 survivors (0K)
 Metaspace       used 61694K, committed 62208K, reserved 1114112K
  class space    used 7716K, committed 7936K, reserved 1048576K
}
Event: 113916.935 GC heap after
{Heap after GC invocations=11255 (full 11232):
 garbage-first heap   total 112640K, used 32809K [0x00000000c0000000, 0x0000000100000000)
  region size 1024K, 0 young (0K), 0 survivors (0K)
 Metaspace       used 61694K, committed 62208K, reserved 1114112K
  class space    used 7716K, committed 7936K, reserved 1048576K
}
Event: 113927.035 GC heap before
{Heap before GC invocations=11255 (full 11232):
 garbage-first heap   total 112640K, used 32809K [0x00000000c0000000, 0x0000000100000000)
  region size 1024K, 1 young (1024K), 0 survivors (0K)
 Metaspace       used 61694K, committed 62208K, reserved 1114112K
  class space    used 7716K, committed 7936K, reserved 1048576K
}
Event: 113927.049 GC heap after
{Heap after GC invocations=11256 (full 11233):
 garbage-first heap   total 112640K, used 32809K [0x00000000c0000000, 0x0000000100000000)
  region size 1024K, 0 young (0K), 0 survivors (0K)
 Metaspace       used 61694K, committed 62208K, reserved 1114112K
  class space    used 7716K, committed 7936K, reserved 1048576K
}
Event: 113937.183 GC heap before
{Heap before GC invocations=11256 (full 11233):
 garbage-first heap   total 112640K, used 32809K [0x00000000c0000000, 0x0000000100000000)
  region size 1024K, 1 young (1024K), 0 survivors (0K)
 Metaspace       used 61694K, committed 62208K, reserved 1114112K
  class space    used 7716K, committed 7936K, reserved 1048576K
}
Event: 113937.197 GC heap after
{Heap after GC invocations=11257 (full 11234):
 garbage-first heap   total 112640K, used 32809K [0x00000000c0000000, 0x0000000100000000)
  region size 1024K, 0 young (0K), 0 survivors (0K)
 Metaspace       used 61694K, committed 62208K, reserved 1114112K
  class space    used 7716K, committed 7936K, reserved 1048576K
}
Event: 113947.233 GC heap before
{Heap before GC invocations=11257 (full 11234):
 garbage-first heap   total 112640K, used 32809K [0x00000000c0000000, 0x0000000100000000)
  region size 1024K, 1 young (1024K), 0 survivors (0K)
 Metaspace       used 61694K, committed 62208K, reserved 1114112K
  class space    used 7716K, committed 7936K, reserved 1048576K
}
Event: 113947.253 GC heap after
{Heap after GC invocations=11258 (full 11235):
 garbage-first heap   total 112640K, used 32809K [0x00000000c0000000, 0x0000000100000000)
  region size 1024K, 0 young (0K), 0 survivors (0K)
 Metaspace       used 61694K, committed 62208K, reserved 1114112K
  class space    used 7716K, committed 7936K, reserved 1048576K
}
Event: 113957.345 GC heap before
{Heap before GC invocations=11258 (full 11235):
 garbage-first heap   total 112640K, used 32809K [0x00000000c0000000, 0x0000000100000000)
  region size 1024K, 1 young (1024K), 0 survivors (0K)
 Metaspace       used 61694K, committed 62208K, reserved 1114112K
  class space    used 7716K, committed 7936K, reserved 1048576K
}

