# JRE version: OpenJDK Runtime Environment Temurin-17.0.12+7 (17.0.12+7) (build 17.0.12+7)
# Java VM: OpenJDK 64-Bit Server VM Temurin-17.0.12+7 (17.0.12+7, mixed mode, emulated-client, tiered, compressed oops, compressed class ptrs, g1 gc, windows-amd64)
GC Precious Log:
 CPUs: 24 total, 24 available
 Memory: 16068M
 Large Page Support: Disabled
 NUMA Support: Disabled
 Compressed Oops: Enabled (32-bit)
 Heap Region Size: 1M
 Heap Min Capacity: 8M
 Heap Initial Capacity: 252M
 Heap Max Capacity: 1G
 Pre-touch: Disabled
 Parallel Workers: 18
 Concurrent Workers: 5
 Concurrent Refinement Workers: 18
 Periodic GC: Disabled
Heap:
 garbage-first heap   total 78848K, used 38299K [0x00000000c0000000, 0x0000000100000000)
  region size 1024K, 1 young (1024K), 0 survivors (0K)
 Metaspace       used 63130K, committed 63552K, reserved 1114112K
  class space    used 7735K, committed 7936K, reserved 1048576K
GC Heap History (20 events):
Event: 66375.293 GC heap after
{Heap after GC invocations=6318 (full 6303):
 garbage-first heap   total 78848K, used 38299K [0x00000000c0000000, 0x0000000100000000)
  region size 1024K, 0 young (0K), 0 survivors (0K)
 Metaspace       used 63130K, committed 63552K, reserved 1114112K
  class space    used 7735K, committed 7936K, reserved 1048576K
}
Event: 66385.394 GC heap before
{Heap before GC invocations=6318 (full 6303):
 garbage-first heap   total 78848K, used 38299K [0x00000000c0000000, 0x0000000100000000)
  region size 1024K, 1 young (1024K), 0 survivors (0K)
 Metaspace       used 63130K, committed 63552K, reserved 1114112K
  class space    used 7735K, committed 7936K, reserved 1048576K
}
Event: 66385.409 GC heap after
{Heap after GC invocations=6319 (full 6304):
 garbage-first heap   total 78848K, used 38299K [0x00000000c0000000, 0x0000000100000000)
  region size 1024K, 0 young (0K), 0 survivors (0K)
 Metaspace       used 63130K, committed 63552K, reserved 1114112K
  class space    used 7735K, committed 7936K, reserved 1048576K
}
Event: 66395.506 GC heap before
{Heap before GC invocations=6319 (full 6304):
 garbage-first heap   total 78848K, used 38299K [0x00000000c0000000, 0x0000000100000000)
  region size 1024K, 1 young (1024K), 0 survivors (0K)
 Metaspace       used 63130K, committed 63552K, reserved 1114112K
  class space    used 7735K, committed 7936K, reserved 1048576K
}
Event: 66395.522 GC heap after
{Heap after GC invocations=6320 (full 6305):
 garbage-first heap   total 78848K, used 38299K [0x00000000c0000000, 0x0000000100000000)
  region size 1024K, 0 young (0K), 0 survivors (0K)
 Metaspace       used 63130K, committed 63552K, reserved 1114112K
  class space    used 7735K, committed 7936K, reserved 1048576K
}
Event: 66405.635 GC heap before
{Heap before GC invocations=6320 (full 6305):
 garbage-first heap   total 78848K, used 38299K [0x00000000c0000000, 0x0000000100000000)
  region size 1024K, 1 young (1024K), 0 survivors (0K)
 Metaspace       used 63130K, committed 63552K, reserved 1114112K
  class space    used 7735K, committed 7936K, reserved 1048576K
}
Event: 66405.651 GC heap after
{Heap after GC invocations=6321 (full 6306):
 garbage-first heap   total 78848K, used 38299K [0x00000000c0000000, 0x0000000100000000)
  region size 1024K, 0 young (0K), 0 survivors (0K)
 Metaspace       used 63130K, committed 63552K, reserved 1114112K
  class space    used 7735K, committed 7936K, reserved 1048576K
}
Event: 66415.760 GC heap before
{Heap before GC invocations=6321 (full 6306):
 garbage-first heap   total 78848K, used 38299K [0x00000000c0000000, 0x0000000100000000)
  region size 1024K, 1 young (1024K), 0 survivors (0K)
 Metaspace       used 63130K, committed 63552K, reserved 1114112K
  class space    used 7735K, committed 7936K, reserved 1048576K
}
Event: 66415.776 GC heap after
{Heap after GC invocations=6322 (full 6307):
 garbage-first heap   total 78848K, used 38299K [0x00000000c0000000, 0x0000000100000000)
  region size 1024K, 0 young (0K), 0 survivors (0K)
 Metaspace       used 63130K, committed 63552K, reserved 1114112K
  class space    used 7735K, committed 7936K, reserved 1048576K
}
Event: 66425.868 GC heap before
{Heap before GC invocations=6322 (full 6307):
 garbage-first heap   total 78848K, used 38299K [0x00000000c0000000, 0x0000000100000000)
  region size 1024K, 1 young (1024K), 0 survivors (0K)
 Metaspace       used 63130K, committed 63552K, reserved 1114112K
  class space    used 7735K, committed 7936K, reserved 1048576K
}
Event: 66425.885 GC heap after
{Heap after GC invocations=6323 (full 6308):
 garbage-first heap   total 78848K, used 38299K [0x00000000c0000000, 0x0000000100000000)
  region size 1024K, 0 young (0K), 0 survivors (0K)
 Metaspace       used 63130K, committed 63552K, reserved 1114112K
  class space    used 7735K, committed 7936K, reserved 1048576K
}
Event: 66435.987 GC heap before
{Heap before GC invocations=6323 (full 6308):
 garbage-first heap   total 78848K, used 38299K [0x00000000c0000000, 0x0000000100000000)
  region size 1024K, 1 young (1024K), 0 survivors (0K)
 Metaspace       used 63130K, committed 63552K, reserved 1114112K
  class space    used 7735K, committed 7936K, reserved 1048576K
}
Event: 66436.003 GC heap after
{Heap after GC invocations=6324 (full 6309):
 garbage-first heap   total 78848K, used 38299K [0x00000000c0000000, 0x0000000100000000)
  region size 1024K, 0 young (0K), 0 survivors (0K)
 Metaspace       used 63130K, committed 63552K, reserved 1114112K
  class space    used 7735K, committed 7936K, reserved 1048576K
}
Event: 66446.109 GC heap before
{Heap before GC invocations=6324 (full 6309):
 garbage-first heap   total 78848K, used 38299K [0x00000000c0000000, 0x0000000100000000)
  region size 1024K, 1 young (1024K), 0 survivors (0K)
 Metaspace       used 63130K, committed 63552K, reserved 1114112K
  class space    used 7735K, committed 7936K, reserved 1048576K
}
Event: 66446.125 GC heap after
{Heap after GC invocations=6325 (full 6310):
 garbage-first heap   total 78848K, used 38299K [0x00000000c0000000, 0x0000000100000000)
  region size 1024K, 0 young (0K), 0 survivors (0K)
 Metaspace       used 63130K, committed 63552K, reserved 1114112K
  class space    used 7735K, committed 7936K, reserved 1048576K
}
Event: 66456.236 GC heap before
{Heap before GC invocations=6325 (full 6310):
 garbage-first heap   total 78848K, used 38299K [0x00000000c0000000, 0x0000000100000000)
  region size 1024K, 1 young (1024K), 0 survivors (0K)
 Metaspace       used 63130K, committed 63552K, reserved 1114112K
  class space    used 7735K, committed 7936K, reserved 1048576K
}
Event: 66456.252 GC heap after
{Heap after GC invocations=6326 (full 6311):
 garbage-first heap   total 78848K, used 38299K [0x00000000c0000000, 0x0000000100000000)
  region size 1024K, 0 young (0K), 0 survivors (0K)
 Metaspace       used 63130K, committed 63552K, reserved 1114112K
  class space    used 7735K, committed 7936K, reserved 1048576K
}
Event: 66466.374 GC heap before
{Heap before GC invocations=6326 (full 6311):
 garbage-first heap   total 78848K, used 38299K [0x00000000c0000000, 0x0000000100000000)
  region size 1024K, 1 young (1024K), 0 survivors (0K)
 Metaspace       used 63130K, committed 63552K, reserved 1114112K
  class space    used 7735K, committed 7936K, reserved 1048576K
}
Event: 66466.390 GC heap after
{Heap after GC invocations=6327 (full 6312):
 garbage-first heap   total 78848K, used 38299K [0x00000000c0000000, 0x0000000100000000)
  region size 1024K, 0 young (0K), 0 survivors (0K)
 Metaspace       used 63130K, committed 63552K, reserved 1114112K
  class space    used 7735K, committed 7936K, reserved 1048576K
}
Event: 66476.494 GC heap before
{Heap before GC invocations=6327 (full 6312):
 garbage-first heap   total 78848K, used 38299K [0x00000000c0000000, 0x0000000100000000)
  region size 1024K, 1 young (1024K), 0 survivors (0K)
 Metaspace       used 63130K, committed 63552K, reserved 1114112K
  class space    used 7735K, committed 7936K, reserved 1048576K
}

